[Licensing::Module] Trying to connect to existing licensing client channel...
Built from '6000.3/staging' branch; Version is '6000.3.11f1 (3000ef702840) revision 3145967'; Using compiler version '194234433'; Build Type 'Release'
[Licensing::IpcConnector] Successfully connected to: "LicenseClient-testc" at "2026-05-18T07:47:19.4786908Z"
OS: 'Windows 11  (10.0.26200) Core' Language: 'ja' Physical Memory: 32471 MB
BatchMode: 1, IsHumanControllingUs: 0, StartBugReporterOnCrash: 0, Is64bit: 1
System  architecture: x64
Process architecture: x64
Date: 2026-05-18T07:47:19Z
[Licensing::Client] Handshaking with LicensingClient:
  Version:                 1.18.0+23225a6
  Session Id:              4226ed8ebe814144bbd3921056c39db8
  Correlation Id:          7250de8112e5949d3928ede9756b4ed6
  External correlation Id: 4574103131943396764
  Machine Id:              PooLTfklDYeh7eyMFqmQW8F1Hds=

COMMAND LINE ARGUMENTS:
[Licensing::Module] Successfully connected to LicensingClient on channel: "LicenseClient-testc" (connect: 0.00s, validation: 0.04s, handshake: 0.26s)
C:\Program Files\Unity\Hub\Editor\6000.3.11f1\Editor\Unity.exe
-adb2
-batchMode
-noUpm
-name
AssetImportWorker2
-projectPath
[Licensing::IpcConnector] Successfully connected to: "LicenseClient-testc-notifications" at "2026-05-18T07:47:19.7809082Z"
C:/Users/testc/Desktop/VGAF/Classtime Projects/VGAF_Unity/VT2_Lesson
[Licensing::Module] Licensing Background thread has ended after 0.30s
-logFile
Logs/AssetImportWorker2.log
-srvPort
51119
-job-worker-count
7
-background-job-worker-count
8
-gc-helper-count
1
-name
AssetImport
Successfully changed project path to: C:/Users/testc/Desktop/VGAF/Classtime Projects/VGAF_Unity/VT2_Lesson
C:/Users/testc/Desktop/VGAF/Classtime Projects/VGAF_Unity/VT2_Lesson
[UnityMemory] Configuration Parameters - Can be set up in boot.config
    "memorysetup-temp-allocator-size-nav-mesh-worker=65536"
    "memorysetup-temp-allocator-size-audio-worker=65536"
    "memorysetup-temp-allocator-size-gfx=262144"
    "memorysetup-allocator-temp-initial-block-size-main=262144"
    "memorysetup-allocator-temp-initial-block-size-worker=262144"
    "memorysetup-temp-allocator-size-background-worker=32768"
    "memorysetup-temp-allocator-size-job-worker=262144"
    "memorysetup-temp-allocator-size-preload-manager=33554432"
    "memorysetup-temp-allocator-size-gi-baking-worker=262144"
    "memorysetup-temp-allocator-size-gi-baking-worker=262144"
    "memorysetup-temp-allocator-size-gi-baking-worker=262144"
    "memorysetup-temp-allocator-size-gi-baking-worker=262144"
    "memorysetup-temp-allocator-size-gi-baking-worker=262144"
    "memorysetup-bucket-allocator-granularity=16"
    "memorysetup-bucket-allocator-bucket-count=8"
    "memorysetup-bucket-allocator-block-size=33554432"
    "memorysetup-bucket-allocator-block-count=8"
    "memorysetup-main-allocator-block-size=16777216"
    "memorysetup-thread-allocator-block-size=16777216"
    "memorysetup-gfx-main-allocator-block-size=16777216"
    "memorysetup-gfx-thread-allocator-block-size=16777216"
    "memorysetup-cache-allocator-block-size=4194304"
    "memorysetup-typetree-allocator-block-size=2097152"
    "memorysetup-profiler-bucket-allocator-granularity=16"
    "memorysetup-profiler-bucket-allocator-bucket-count=8"
    "memorysetup-profiler-bucket-allocator-block-size=33554432"
    "memorysetup-profiler-bucket-allocator-block-count=8"
    "memorysetup-profiler-allocator-block-size=16777216"
    "memorysetup-profiler-editor-allocator-block-size=1048576"
    "memorysetup-temp-allocator-size-main=16777216"
    "memorysetup-job-temp-allocator-block-size=2097152"
    "memorysetup-job-temp-allocator-block-size-background=1048576"
    "memorysetup-job-temp-allocator-reduction-small-platforms=262144"
    "memorysetup-temp-allocator-size-cloud-worker=32768"
Player connection [13228]  Target information:

Player connection [13228]  * "[IP] 10.111.5.254 [Port] 0 [Flags] 2 [Guid] 2022758587 [EditorId] 2022758587 [Version] 1048832 [Id] WindowsEditor(7,koei_Portable) [Debug] 1 [PackageName] WindowsEditor [ProjectName] Editor" 

Player connection [13228] Host joined multi-casting on [225.0.0.222:54997]...
Player connection [13228] Host joined alternative multi-casting on [225.0.0.222:34997]...
JobSystem: Creating JobQueue using job-worker-count value 7
Input System module state changed to: Initialized.
[Physics::Module] Initialized fallback backend.
[Physics::Module] Id: 0xdecafbad
Library Redirect Path: Library/
[Physics::Module] Selected backend.
[Physics::Module] Name: PhysX
[Physics::Module] Id: 0xf2b8ea05
[Physics::Module] SDK Version: 4.1.2
[Physics::Module] Integration Version: 1.0.0
[Physics::Module] Threading Mode: Multi-Threaded
Refreshing native plugins compatible for Editor in 4.58 ms, found 3 plugins.
Preloading 0 native plugins for Editor in 0.00 ms.
Initialize engine version: 6000.3.11f1 (3000ef702840)
[Subsystems] Discovering subsystems at path C:/Program Files/Unity/Hub/Editor/6000.3.11f1/Editor/Data/Resources/UnitySubsystems
[Subsystems] Discovering subsystems at path C:/Users/testc/Desktop/VGAF/Classtime Projects/VGAF_Unity/VT2_Lesson/Assets
GfxDevice: creating device client; kGfxThreadingModeNonThreaded
Direct3D:
    Version:  Direct3D 11.0 [level 11.1]
    Renderer: NVIDIA GeForce RTX 4060 Laptop GPU (ID=0x28a0)
    Vendor:   NVIDIA
    VRAM:     7957 MB
    Driver:   32.0.15.8157
Initialize mono
Mono path[0] = 'C:/Program Files/Unity/Hub/Editor/6000.3.11f1/Editor/Data/Managed'
Mono path[1] = 'C:/Program Files/Unity/Hub/Editor/6000.3.11f1/Editor/Data/MonoBleedingEdge/lib/mono/unityjit-win32'
Mono config path = 'C:/Program Files/Unity/Hub/Editor/6000.3.11f1/Editor/Data/MonoBleedingEdge/etc'
Using monoOptions --debugger-agent=transport=dt_socket,embedding=1,server=y,suspend=n,address=127.0.0.1:56740
Begin MonoManager ReloadAssembly
Registering precompiled unity dll's ...
Register platform support module: C:/Program Files/Unity/Hub/Editor/6000.3.11f1/Editor/Data/PlaybackEngines/WindowsStandaloneSupport/UnityEditor.WindowsStandalone.Extensions.dll
Registered in 0.002460 seconds.
- Loaded All Assemblies, in  0.700 seconds
Native extension for WindowsStandalone target not found
Package Manager log level set to [2]
[Package Manager] Failed to launch server process. Reason: Unity was launched with the -noUpm command-line argument
[Package Manager] Unable to send message (not connected to server process).
[Package Manager] Cannot connect to Unity Package Manager local server
ScheduleIndexationOnStartup MainProcess:False IndexOnStartup:True
Mono: successfully reloaded assembly
- Finished resetting the current domain, in  0.704 seconds
Domain Reload Profiling: 1402ms
	BeginReloadAssembly (246ms)
		ExecutionOrderSort (0ms)
		DisableScriptedObjects (0ms)
		BackupInstance (0ms)
		ReleaseScriptingObjects (0ms)
		CreateAndSetChildDomain (1ms)
	RebuildCommonClasses (66ms)
	RebuildNativeTypeToScriptingClass (28ms)
	initialDomainReloadingComplete (79ms)
	LoadAllAssembliesAndSetupDomain (278ms)
		LoadAssemblies (241ms)
		RebuildTransferFunctionScriptingTraits (0ms)
		AnalyzeDomain (274ms)
			TypeCache.Refresh (272ms)
				TypeCache.ScanAssembly (253ms)
			BuildScriptInfoCaches (0ms)
			ResolveRequiredComponents (1ms)
	FinalizeReload (705ms)
		ReleaseScriptCaches (0ms)
		RebuildScriptCaches (0ms)
		SetupLoadedEditorAssemblies (626ms)
			LogAssemblyErrors (0ms)
			InitializePlatformSupportModulesInManaged (82ms)
			SetLoadedEditorAssemblies (7ms)
			BeforeProcessingInitializeOnLoad (141ms)
			ProcessInitializeOnLoadAttributes (257ms)
			ProcessInitializeOnLoadMethodAttributes (140ms)
			AfterProcessingInitializeOnLoad (0ms)
			EditorAssembliesLoaded (0ms)
		ExecutionOrderSort2 (0ms)
		AwakeInstancesAfterBackupRestoration (0ms)
========================================================================
Worker process is ready to serve import requests
Import Worker Mode flag is 0x00
Begin MonoManager ReloadAssembly
[Licensing::Client] Successfully resolved entitlement details
[Licensing::Module] License group:
  Id: 15669558485253-UnityPersXXXX
  Product: Unity Personal
  Type: Assigned
  Expiration: Unlimited
- Loaded All Assemblies, in  1.490 seconds
Refreshing native plugins compatible for Editor in 1.03 ms, found 3 plugins.
Native extension for WindowsStandalone target not found
[Package Manager] Failed to launch server process. Reason: Unity was launched with the -noUpm command-line argument
[Package Manager] Unable to send message (not connected to server process).
[Package Manager] Cannot connect to Unity Package Manager local server
[Package Manager] Failed to launch server process. Reason: Unity was launched with the -noUpm command-line argument
[Package Manager] Unable to send message (not connected to server process).
[Package Manager] Cannot connect to Unity Package Manager local server
ScheduleIndexationOnStartup MainProcess:False IndexOnStartup:True
Mono: successfully reloaded assembly
- Finished resetting the current domain, in  1.229 seconds
Domain Reload Profiling: 2712ms
	BeginReloadAssembly (334ms)
		ExecutionOrderSort (0ms)
		DisableScriptedObjects (8ms)
		BackupInstance (0ms)
		ReleaseScriptingObjects (0ms)
		CreateAndSetChildDomain (48ms)
	RebuildCommonClasses (75ms)
	RebuildNativeTypeToScriptingClass (27ms)
	initialDomainReloadingComplete (72ms)
	LoadAllAssembliesAndSetupDomain (974ms)
		LoadAssemblies (686ms)
		RebuildTransferFunctionScriptingTraits (0ms)
		AnalyzeDomain (487ms)
			TypeCache.Refresh (349ms)
				TypeCache.ScanAssembly (326ms)
			BuildScriptInfoCaches (113ms)
			ResolveRequiredComponents (20ms)
	FinalizeReload (1230ms)
		ReleaseScriptCaches (0ms)
		RebuildScriptCaches (0ms)
		SetupLoadedEditorAssemblies (899ms)
			LogAssemblyErrors (0ms)
			InitializePlatformSupportModulesInManaged (3ms)
			SetLoadedEditorAssemblies (7ms)
			BeforeProcessingInitializeOnLoad (230ms)
			ProcessInitializeOnLoadAttributes (537ms)
			ProcessInitializeOnLoadMethodAttributes (115ms)
			AfterProcessingInitializeOnLoad (7ms)
			EditorAssembliesLoaded (0ms)
		ExecutionOrderSort2 (0ms)
		AwakeInstancesAfterBackupRestoration (12ms)
Launched and connected shader compiler UnityShaderCompiler.exe after 0.03 seconds
Refreshing native plugins compatible for Editor in 2.94 ms, found 3 plugins.
Preloading 0 native plugins for Editor in 0.00 ms.
Unloading 16 Unused Serialized files (Serialized files now loaded: 0)
Unloading 6186 unused Assets / (4.2 MB). Loaded Objects now: 6985.
Memory consumption went from 145.8 MB to 141.7 MB.
Total: 10.493700 ms (FindLiveObjects: 0.681100 ms CreateObjectMapping: 0.501900 ms MarkObjects: 6.792500 ms  DeleteObjects: 2.516500 ms)

========================================================================
Received Import Request.
  Time since last request: 4242.564713 seconds.
  path: Assets/InputSystem_Actions.inputactions
  artifactKey: Guid(052faaac586de48259a63d0c4782560b) Importer(2089858483,b0f066a214c2f5e87bad3c948f4d605d)
Start importing Assets/InputSystem_Actions.inputactions using Guid(052faaac586de48259a63d0c4782560b) Importer(2089858483,b0f066a214c2f5e87bad3c948f4d605d) (ScriptedImporter) -> (artifact id: '210aef56a4f83761ed24d022b1cb6252') in 2.4813318 seconds
Number of updated asset objects reloaded before import = 1Number of asset objects unloaded after import = 22

========================================================================
Received Import Request.
  Time since last request: 0.000045 seconds.
  path: Assets/Settings/PC_RPAsset.asset
  artifactKey: Guid(4b83569d67af61e458304325a23e5dfd) Importer(2089858483,b0f066a214c2f5e87bad3c948f4d605d)
Start importing Assets/Settings/PC_RPAsset.asset using Guid(4b83569d67af61e458304325a23e5dfd) Importer(2089858483,b0f066a214c2f5e87bad3c948f4d605d) (ScriptedImporter) -> (artifact id: '2ae0224bf2040f9f52e17e8ac25a3732') in 1.0766317 seconds
Number of updated asset objects reloaded before import = 0Number of asset objects unloaded after import = 1

========================================================================
Received Prepare
Begin MonoManager ReloadAssembly
- Loaded All Assemblies, in  1.125 seconds
Refreshing native plugins compatible for Editor in 1.42 ms, found 3 plugins.
Native extension for WindowsStandalone target not found
[Package Manager] Failed to launch server process. Reason: Unity was launched with the -noUpm command-line argument
[Package Manager] Unable to send message (not connected to server process).
[Package Manager] Cannot connect to Unity Package Manager local server
[Package Manager] Failed to launch server process. Reason: Unity was launched with the -noUpm command-line argument
[Package Manager] Unable to send message (not connected to server process).
[Package Manager] Cannot connect to Unity Package Manager local server
ScheduleIndexationOnStartup MainProcess:False IndexOnStartup:True
Mono: successfully reloaded assembly
- Finished resetting the current domain, in  0.964 seconds
Domain Reload Profiling: 2086ms
	BeginReloadAssembly (311ms)
		ExecutionOrderSort (0ms)
		DisableScriptedObjects (8ms)
		BackupInstance (0ms)
		ReleaseScriptingObjects (0ms)
		CreateAndSetChildDomain (66ms)
	RebuildCommonClasses (50ms)
	RebuildNativeTypeToScriptingClass (28ms)
	initialDomainReloadingComplete (42ms)
	LoadAllAssembliesAndSetupDomain (691ms)
		LoadAssemblies (550ms)
		RebuildTransferFunctionScriptingTraits (0ms)
		AnalyzeDomain (297ms)
			TypeCache.Refresh (10ms)
				TypeCache.ScanAssembly (0ms)
			BuildScriptInfoCaches (262ms)
			ResolveRequiredComponents (16ms)
	FinalizeReload (964ms)
		ReleaseScriptCaches (0ms)
		RebuildScriptCaches (0ms)
		SetupLoadedEditorAssemblies (772ms)
			LogAssemblyErrors (0ms)
			InitializePlatformSupportModulesInManaged (3ms)
			SetLoadedEditorAssemblies (10ms)
			BeforeProcessingInitializeOnLoad (201ms)
			ProcessInitializeOnLoadAttributes (474ms)
			ProcessInitializeOnLoadMethodAttributes (78ms)
			AfterProcessingInitializeOnLoad (6ms)
			EditorAssembliesLoaded (0ms)
		ExecutionOrderSort2 (0ms)
		AwakeInstancesAfterBackupRestoration (17ms)
Refreshing native plugins compatible for Editor in 1.32 ms, found 3 plugins.
Preloading 0 native plugins for Editor in 0.00 ms.
Unloading 16 Unused Serialized files (Serialized files now loaded: 0)
Unloading 6183 unused Assets / (3.7 MB). Loaded Objects now: 7004.
Memory consumption went from 155.4 MB to 151.7 MB.
Total: 8.974400 ms (FindLiveObjects: 0.590800 ms CreateObjectMapping: 0.456600 ms MarkObjects: 5.906200 ms  DeleteObjects: 2.019400 ms)

Prepare: number of updated asset objects reloaded= 6
========================================================================
Received Import Request.
  Time since last request: 56.223966 seconds.
  path: Assets/Scripts
  artifactKey: Guid(474c84f6714ad594f8688bd29acdc715) Importer(815301076,1909f56bfc062723c751e8b465ee728b)
Start importing Assets/Scripts using Guid(474c84f6714ad594f8688bd29acdc715) Importer(815301076,1909f56bfc062723c751e8b465ee728b) (PreviewImporter) -> (artifact id: '9a75504ba80273e396980a5fb7c1397f') in 0.0077844 seconds
Number of updated asset objects reloaded before import = 0Number of asset objects unloaded after import = 0

========================================================================
Received Import Request.
  Time since last request: 1.138070 seconds.
  path: Assets/Scripts/Tank.cs
  artifactKey: Guid(f1b60664905615242a1c63b745d179f7) Importer(815301076,1909f56bfc062723c751e8b465ee728b)
Start importing Assets/Scripts/Tank.cs using Guid(f1b60664905615242a1c63b745d179f7) Importer(815301076,1909f56bfc062723c751e8b465ee728b) (PreviewImporter) -> (artifact id: 'ed31472e0fbc2a7c1dc4590e237a7a15') in 0.0008479 seconds
Number of updated asset objects reloaded before import = 0Number of asset objects unloaded after import = 0

========================================================================
Received Import Request.
  Time since last request: 88.812151 seconds.
  path: Assets/Scenes
  artifactKey: Guid(4657ddb03b60c964ea1fc6f84d2eafea) Importer(815301076,1909f56bfc062723c751e8b465ee728b)
Start importing Assets/Scenes using Guid(4657ddb03b60c964ea1fc6f84d2eafea) Importer(815301076,1909f56bfc062723c751e8b465ee728b) (PreviewImporter) -> (artifact id: 'ea4bd4ae7cbf709fdccfbbe06e799dc1') in 0.0008786 seconds
Number of updated asset objects reloaded before import = 0Number of asset objects unloaded after import = 0

========================================================================
Received Import Request.
  Time since last request: 6.869840 seconds.
  path: Assets/Settings/UniversalRenderPipelineGlobalSettings.asset
  artifactKey: Guid(18dc0cd2c080841dea60987a38ce93fa) Importer(2089858483,b0f066a214c2f5e87bad3c948f4d605d)
Start importing Assets/Settings/UniversalRenderPipelineGlobalSettings.asset using Guid(18dc0cd2c080841dea60987a38ce93fa) Importer(2089858483,b0f066a214c2f5e87bad3c948f4d605d) (ScriptedImporter) -> (artifact id: 'e2a8d5a8ac632c394f14f6bd376e97c7') in 0.2051016 seconds
Number of updated asset objects reloaded before import = 0Number of asset objects unloaded after import = 0

========================================================================
Received Import Request.
  Time since last request: 0.000018 seconds.
  path: Assets/Scripts/Tank.cs
  artifactKey: Guid(f1b60664905615242a1c63b745d179f7) Importer(2089858483,b0f066a214c2f5e87bad3c948f4d605d)
Start importing Assets/Scripts/Tank.cs using Guid(f1b60664905615242a1c63b745d179f7) Importer(2089858483,b0f066a214c2f5e87bad3c948f4d605d) (ScriptedImporter) -> (artifact id: '7bdd143469b1d5f12c289b1c07a09e86') in 0.0262838 seconds
Number of updated asset objects reloaded before import = 0Number of asset objects unloaded after import = 0

========================================================================
Received Import Request.
  Time since last request: 59.360589 seconds.
  path: Assets/Models/FBX format/character-female-f.fbx
  artifactKey: Guid(0c36349ab6a22a144b2f25756cf97d4a) Importer(2089858483,b0f066a214c2f5e87bad3c948f4d605d)
Start importing Assets/Models/FBX format/character-female-f.fbx using Guid(0c36349ab6a22a144b2f25756cf97d4a) Importer(2089858483,b0f066a214c2f5e87bad3c948f4d605d) (ScriptedImporter) -> (artifact id: 'cc9c52e16ab80f9ae9ebccf3d58a4b2c') in 0.1498494 seconds
Number of updated asset objects reloaded before import = 0Number of asset objects unloaded after import = 60

========================================================================
Received Import Request.
  Time since last request: 0.000022 seconds.
  path: Assets/Models/GLB format/character-female-e.glb
  artifactKey: Guid(2220c89d43d61d74e975bc2935b774da) Importer(2089858483,b0f066a214c2f5e87bad3c948f4d605d)
Start importing Assets/Models/GLB format/character-female-e.glb using Guid(2220c89d43d61d74e975bc2935b774da) Importer(2089858483,b0f066a214c2f5e87bad3c948f4d605d) (ScriptedImporter) -> (artifact id: '1f4478dabab24c02b54e532ba0666c63') in 0.0248538 seconds
Number of updated asset objects reloaded before import = 0Number of asset objects unloaded after import = 1

========================================================================
Received Import Request.
  Time since last request: 0.000027 seconds.
  path: Assets/Models/GLB format/character-male-e.glb
  artifactKey: Guid(22ee878c7f87efe469a8965db3c8e280) Importer(2089858483,b0f066a214c2f5e87bad3c948f4d605d)
Start importing Assets/Models/GLB format/character-male-e.glb using Guid(22ee878c7f87efe469a8965db3c8e280) Importer(2089858483,b0f066a214c2f5e87bad3c948f4d605d) (ScriptedImporter) -> (artifact id: '583ed237281876b0cedd4abdfd6c1e12') in 0.0202587 seconds
Number of updated asset objects reloaded before import = 0Number of asset objects unloaded after import = 1

========================================================================
Received Import Request.
  Time since last request: 0.000034 seconds.
  path: Assets/Models/OBJ format/aid-defibrillator-green.mtl
  artifactKey: Guid(29809aaa35fee564eb91ad32d6f8dcfe) Importer(2089858483,b0f066a214c2f5e87bad3c948f4d605d)
Start importing Assets/Models/OBJ format/aid-defibrillator-green.mtl using Guid(29809aaa35fee564eb91ad32d6f8dcfe) Importer(2089858483,b0f066a214c2f5e87bad3c948f4d605d) (ScriptedImporter) -> (artifact id: '207bf7ebff4f05d1fdd955a248aca10b') in 0.02471 seconds
Number of updated asset objects reloaded before import = 0Number of asset objects unloaded after import = 1

========================================================================
Received Import Request.
  Time since last request: 0.000019 seconds.
  path: Assets/Models/OBJ format/character-male-c.obj
  artifactKey: Guid(06a85cd214f4784429ef16cfd3cb6591) Importer(2089858483,b0f066a214c2f5e87bad3c948f4d605d)
Start importing Assets/Models/OBJ format/character-male-c.obj using Guid(06a85cd214f4784429ef16cfd3cb6591) Importer(2089858483,b0f066a214c2f5e87bad3c948f4d605d) (ScriptedImporter) -> (artifact id: '04fd754b185b6d68de9b6d2d8ac0c835') in 0.0255688 seconds
Number of updated asset objects reloaded before import = 0Number of asset objects unloaded after import = 16

========================================================================
Received Import Request.
  Time since last request: 0.000025 seconds.
  path: Assets/Models/FBX format/character-female-e.fbx
  artifactKey: Guid(41a68039d8cfc8844b9417ca1263f555) Importer(2089858483,b0f066a214c2f5e87bad3c948f4d605d)
Start importing Assets/Models/FBX format/character-female-e.fbx using Guid(41a68039d8cfc8844b9417ca1263f555) Importer(2089858483,b0f066a214c2f5e87bad3c948f4d605d) (ScriptedImporter) -> (artifact id: '14c6f0c7fa2a19f6f6d2db6bd6cecd06') in 0.0722347 seconds
Number of updated asset objects reloaded before import = 0Number of asset objects unloaded after import = 60

========================================================================
Received Import Request.
  Time since last request: 0.000033 seconds.
  path: Assets/Models/GLB format
  artifactKey: Guid(3953dd0e010649f40a965cf3cfa52a63) Importer(2089858483,b0f066a214c2f5e87bad3c948f4d605d)
Start importing Assets/Models/GLB format using Guid(3953dd0e010649f40a965cf3cfa52a63) Importer(2089858483,b0f066a214c2f5e87bad3c948f4d605d) (ScriptedImporter) -> (artifact id: '68364e3cbc0c6b9e8303d93d61167b2b') in 0.0204988 seconds
Number of updated asset objects reloaded before import = 0Number of asset objects unloaded after import = 1

========================================================================
Received Import Request.
  Time since last request: 0.000016 seconds.
  path: Assets/Models/GLB format/aid-cane-blind.glb
  artifactKey: Guid(2bc3195079f0b0b43ad881767e223fc4) Importer(2089858483,b0f066a214c2f5e87bad3c948f4d605d)
Start importing Assets/Models/GLB format/aid-cane-blind.glb using Guid(2bc3195079f0b0b43ad881767e223fc4) Importer(2089858483,b0f066a214c2f5e87bad3c948f4d605d) (ScriptedImporter) -> (artifact id: '7bd15c7cf2343ef8a40ff0119640c19a') in 0.0199655 seconds
Number of updated asset objects reloaded before import = 0Number of asset objects unloaded after import = 1

========================================================================
Received Import Request.
  Time since last request: 0.000017 seconds.
  path: Assets/Models/OBJ format/wheelchair-power.mtl
  artifactKey: Guid(ceda76e374e6d4d43a30a8b4c0c40c90) Importer(2089858483,b0f066a214c2f5e87bad3c948f4d605d)
Start importing Assets/Models/OBJ format/wheelchair-power.mtl using Guid(ceda76e374e6d4d43a30a8b4c0c40c90) Importer(2089858483,b0f066a214c2f5e87bad3c948f4d605d) (ScriptedImporter) -> (artifact id: 'e7d04c733a461be7147b3a942be55ac3') in 0.0166223 seconds
Number of updated asset objects reloaded before import = 0Number of asset objects unloaded after import = 1

========================================================================
Received Import Request.
  Time since last request: 0.000018 seconds.
  path: Assets/Models
  artifactKey: Guid(ebabddf9823972f40ba0528e1e5e4a09) Importer(815301076,1909f56bfc062723c751e8b465ee728b)
Start importing Assets/Models using Guid(ebabddf9823972f40ba0528e1e5e4a09) Importer(815301076,1909f56bfc062723c751e8b465ee728b) (PreviewImporter) -> (artifact id: 'd7c6d240dee2c66c6bce0ae28b454fa9') in 0.0006882 seconds
Number of updated asset objects reloaded before import = 0Number of asset objects unloaded after import = 0

========================================================================
Received Import Request.
  Time since last request: 0.000030 seconds.
  path: Assets/Models/OBJ format
  artifactKey: Guid(432eff064039bd349b3116cbaf7d13e5) Importer(2089858483,b0f066a214c2f5e87bad3c948f4d605d)
Start importing Assets/Models/OBJ format using Guid(432eff064039bd349b3116cbaf7d13e5) Importer(2089858483,b0f066a214c2f5e87bad3c948f4d605d) (ScriptedImporter) -> (artifact id: 'b8fe9a4b4f10d1e62353665d62d6cabb') in 0.0217077 seconds
Number of updated asset objects reloaded before import = 0Number of asset objects unloaded after import = 1

========================================================================
Received Import Request.
  Time since last request: 0.000018 seconds.
  path: Assets/Models/OBJ format/character-female-f.mtl
  artifactKey: Guid(2d0217e8a57211147aa5669b2ca4d093) Importer(2089858483,b0f066a214c2f5e87bad3c948f4d605d)
Start importing Assets/Models/OBJ format/character-female-f.mtl using Guid(2d0217e8a57211147aa5669b2ca4d093) Importer(2089858483,b0f066a214c2f5e87bad3c948f4d605d) (ScriptedImporter) -> (artifact id: '6ffe37eb424b20ffdd6bdcc01b63fc1b') in 0.0214089 seconds
Number of updated asset objects reloaded before import = 0Number of asset objects unloaded after import = 1

========================================================================
Received Import Request.
  Time since last request: 0.000018 seconds.
  path: Assets/Models/FBX format/aid-defibrillator-green.fbx
  artifactKey: Guid(3bc3daf06977a394a978909c97874cd6) Importer(2089858483,b0f066a214c2f5e87bad3c948f4d605d)
Start importing Assets/Models/FBX format/aid-defibrillator-green.fbx using Guid(3bc3daf06977a394a978909c97874cd6) Importer(2089858483,b0f066a214c2f5e87bad3c948f4d605d) (ScriptedImporter) -> (artifact id: 'd3da022993f195a99795889b80c9ace6') in 0.0459586 seconds
Number of updated asset objects reloaded before import = 0Number of asset objects unloaded after import = 14

========================================================================
Received Import Request.
  Time since last request: 0.000038 seconds.
  path: Assets/Models/OBJ format/aid-cane-blind.obj
  artifactKey: Guid(703aa74c565ca1d40a4bee19ee9b1730) Importer(2089858483,b0f066a214c2f5e87bad3c948f4d605d)
Start importing Assets/Models/OBJ format/aid-cane-blind.obj using Guid(703aa74c565ca1d40a4bee19ee9b1730) Importer(2089858483,b0f066a214c2f5e87bad3c948f4d605d) (ScriptedImporter) -> (artifact id: '4392c754c1ac4cb5dce455ee9fdd8711') in 0.0285209 seconds
Number of updated asset objects reloaded before import = 0Number of asset objects unloaded after import = 11

========================================================================
Received Import Request.
  Time since last request: 0.000039 seconds.
  path: Assets/Models/FBX format/character-male-a.fbx
  artifactKey: Guid(72dc1133d23f7754aafac9c76618d98e) Importer(2089858483,b0f066a214c2f5e87bad3c948f4d605d)
Start importing Assets/Models/FBX format/character-male-a.fbx using Guid(72dc1133d23f7754aafac9c76618d98e) Importer(2089858483,b0f066a214c2f5e87bad3c948f4d605d) (ScriptedImporter) -> (artifact id: '8f94a6b529f75064648ac28971b90aa0') in 0.0828208 seconds
Number of updated asset objects reloaded before import = 0Number of asset objects unloaded after import = 60

========================================================================
Received Import Request.
  Time since last request: 0.000028 seconds.
  path: Assets/Models/OBJ format/wheelchair-power-deluxe.mtl
  artifactKey: Guid(c7b1cb9997a401f429b658c0d295993b) Importer(2089858483,b0f066a214c2f5e87bad3c948f4d605d)
Start importing Assets/Models/OBJ format/wheelchair-power-deluxe.mtl using Guid(c7b1cb9997a401f429b658c0d295993b) Importer(2089858483,b0f066a214c2f5e87bad3c948f4d605d) (ScriptedImporter) -> (artifact id: '0f9607fa9fb9f4ef92c7ff383d7490aa') in 0.022751 seconds
Number of updated asset objects reloaded before import = 0Number of asset objects unloaded after import = 1

========================================================================
Received Import Request.
  Time since last request: 0.000025 seconds.
  path: Assets/Models/OBJ format/wheelchair-power.obj
  artifactKey: Guid(83502c73e19a0854aa8a38f5869f6a85) Importer(2089858483,b0f066a214c2f5e87bad3c948f4d605d)
Start importing Assets/Models/OBJ format/wheelchair-power.obj using Guid(83502c73e19a0854aa8a38f5869f6a85) Importer(2089858483,b0f066a214c2f5e87bad3c948f4d605d) (ScriptedImporter) -> (artifact id: 'fb70e75604836982045ec8833148f1be') in 0.0311429 seconds
Number of updated asset objects reloaded before import = 0Number of asset objects unloaded after import = 11

========================================================================
Received Import Request.
  Time since last request: 0.000040 seconds.
  path: Assets/Models/OBJ format/wheelchair-deluxe.mtl
  artifactKey: Guid(fc17ff387e567004fbc02d14f1e522f2) Importer(2089858483,b0f066a214c2f5e87bad3c948f4d605d)
Start importing Assets/Models/OBJ format/wheelchair-deluxe.mtl using Guid(fc17ff387e567004fbc02d14f1e522f2) Importer(2089858483,b0f066a214c2f5e87bad3c948f4d605d) (ScriptedImporter) -> (artifact id: 'a6e0183e46bb347e35fca4f8136c21a6') in 0.0186816 seconds
Number of updated asset objects reloaded before import = 0Number of asset objects unloaded after import = 1

========================================================================
Received Import Request.
  Time since last request: 0.000016 seconds.
  path: Assets/Models/FBX format/character-female-d.fbx
  artifactKey: Guid(01ad73bb471edd543b517e7d34347d7d) Importer(2089858483,b0f066a214c2f5e87bad3c948f4d605d)
Start importing Assets/Models/FBX format/character-female-d.fbx using Guid(01ad73bb471edd543b517e7d34347d7d) Importer(2089858483,b0f066a214c2f5e87bad3c948f4d605d) (ScriptedImporter) -> (artifact id: 'e0f4210a61b5ced7b5e2258b49db3423') in 0.072947 seconds
Number of updated asset objects reloaded before import = 0Number of asset objects unloaded after import = 60

========================================================================
Received Import Request.
  Time since last request: 0.000026 seconds.
  path: Assets/Models/OBJ format/character-female-f.obj
  artifactKey: Guid(5bd423637d2b773448e7766c8781d57c) Importer(2089858483,b0f066a214c2f5e87bad3c948f4d605d)
Start importing Assets/Models/OBJ format/character-female-f.obj using Guid(5bd423637d2b773448e7766c8781d57c) Importer(2089858483,b0f066a214c2f5e87bad3c948f4d605d) (ScriptedImporter) -> (artifact id: 'fc497813444b038bac752f40dbd0241b') in 0.0241147 seconds
Number of updated asset objects reloaded before import = 0Number of asset objects unloaded after import = 16

========================================================================
Received Import Request.
  Time since last request: 0.000062 seconds.
  path: Assets/Models/FBX format/aid-glasses.fbx
  artifactKey: Guid(ba933e6a57e3cbf41a9e9419348d44f7) Importer(2089858483,b0f066a214c2f5e87bad3c948f4d605d)
Start importing Assets/Models/FBX format/aid-glasses.fbx using Guid(ba933e6a57e3cbf41a9e9419348d44f7) Importer(2089858483,b0f066a214c2f5e87bad3c948f4d605d) (ScriptedImporter) -> (artifact id: 'a606079448e9896b4a84c3bd9be3079a') in 0.0280162 seconds
Number of updated asset objects reloaded before import = 0Number of asset objects unloaded after import = 9

========================================================================
Received Import Request.
  Time since last request: 0.000037 seconds.
  path: Assets/Models/OBJ format/character-male-f.obj
  artifactKey: Guid(2fe71a4c25712054091aeb2ab457865d) Importer(2089858483,b0f066a214c2f5e87bad3c948f4d605d)
Start importing Assets/Models/OBJ format/character-male-f.obj using Guid(2fe71a4c25712054091aeb2ab457865d) Importer(2089858483,b0f066a214c2f5e87bad3c948f4d605d) (ScriptedImporter) -> (artifact id: '5cfa896c2dd3180ed19d1837aa198cfd') in 0.0269213 seconds
Number of updated asset objects reloaded before import = 0Number of asset objects unloaded after import = 16

========================================================================
Received Import Request.
  Time since last request: 0.000023 seconds.
  path: Assets/Models/GLB format/aid-cane-low-vision.glb
  artifactKey: Guid(cfeba92ee74d0ed4b9975426621ae8b0) Importer(2089858483,b0f066a214c2f5e87bad3c948f4d605d)
Start importing Assets/Models/GLB format/aid-cane-low-vision.glb using Guid(cfeba92ee74d0ed4b9975426621ae8b0) Importer(2089858483,b0f066a214c2f5e87bad3c948f4d605d) (ScriptedImporter) -> (artifact id: 'c223136ed4dce0a91f404246656c2bc8') in 0.0222805 seconds
Number of updated asset objects reloaded before import = 0Number of asset objects unloaded after import = 1

========================================================================
Received Import Request.
  Time since last request: 0.000018 seconds.
  path: Assets/Models/GLB format/aid-crutch.glb
  artifactKey: Guid(c2a38d2a373893a40b7194358e5b39f6) Importer(2089858483,b0f066a214c2f5e87bad3c948f4d605d)
Start importing Assets/Models/GLB format/aid-crutch.glb using Guid(c2a38d2a373893a40b7194358e5b39f6) Importer(2089858483,b0f066a214c2f5e87bad3c948f4d605d) (ScriptedImporter) -> (artifact id: '8f8d0438e90b454dc21dd7ff7179e762') in 0.0221668 seconds
Number of updated asset objects reloaded before import = 0Number of asset objects unloaded after import = 1

========================================================================
Received Import Request.
  Time since last request: 0.000023 seconds.
  path: Assets/Models/OBJ format/aid-cane.mtl
  artifactKey: Guid(03baca9771d84994c8ef44eaaae3521d) Importer(2089858483,b0f066a214c2f5e87bad3c948f4d605d)
Start importing Assets/Models/OBJ format/aid-cane.mtl using Guid(03baca9771d84994c8ef44eaaae3521d) Importer(2089858483,b0f066a214c2f5e87bad3c948f4d605d) (ScriptedImporter) -> (artifact id: '215c842dce8df2f37e0ff8798128ec6a') in 0.023462 seconds
Number of updated asset objects reloaded before import = 0Number of asset objects unloaded after import = 1

========================================================================
Received Import Request.
  Time since last request: 0.000027 seconds.
  path: Assets/Models/GLB format/character-female-d.glb
  artifactKey: Guid(4e315ce2b59b3eb4283db3ff14dd0840) Importer(2089858483,b0f066a214c2f5e87bad3c948f4d605d)
Start importing Assets/Models/GLB format/character-female-d.glb using Guid(4e315ce2b59b3eb4283db3ff14dd0840) Importer(2089858483,b0f066a214c2f5e87bad3c948f4d605d) (ScriptedImporter) -> (artifact id: 'be496615b2760d113caf81c4569601fb') in 0.0244339 seconds
Number of updated asset objects reloaded before import = 0Number of asset objects unloaded after import = 1

========================================================================
Received Import Request.
  Time since last request: 0.000037 seconds.
  path: Assets/Models/GLB format/aid-defibrillator-green.glb
  artifactKey: Guid(4d90f03a2449b1741a0f65b52d46f160) Importer(2089858483,b0f066a214c2f5e87bad3c948f4d605d)
Start importing Assets/Models/GLB format/aid-defibrillator-green.glb using Guid(4d90f03a2449b1741a0f65b52d46f160) Importer(2089858483,b0f066a214c2f5e87bad3c948f4d605d) (ScriptedImporter) -> (artifact id: '32d6dcfb020ce309a1631496d32b29ba') in 0.0229662 seconds
Number of updated asset objects reloaded before import = 0Number of asset objects unloaded after import = 1

========================================================================
Received Import Request.
  Time since last request: 0.000022 seconds.
  path: Assets/Models/GLB format/wheelchair-power-deluxe.glb
  artifactKey: Guid(80c45e16cfdd9d84890de6f381ca43a5) Importer(2089858483,b0f066a214c2f5e87bad3c948f4d605d)
Start importing Assets/Models/GLB format/wheelchair-power-deluxe.glb using Guid(80c45e16cfdd9d84890de6f381ca43a5) Importer(2089858483,b0f066a214c2f5e87bad3c948f4d605d) (ScriptedImporter) -> (artifact id: '65bdfc6355defbe9b40461a1fdd3a966') in 0.0342248 seconds
Number of updated asset objects reloaded before import = 0Number of asset objects unloaded after import = 1

========================================================================
Received Import Request.
  Time since last request: 0.000018 seconds.
  path: Assets/Models/OBJ format/character-female-d.mtl
  artifactKey: Guid(f1c68d187241d6d488253d201ea63494) Importer(2089858483,b0f066a214c2f5e87bad3c948f4d605d)
Start importing Assets/Models/OBJ format/character-female-d.mtl using Guid(f1c68d187241d6d488253d201ea63494) Importer(2089858483,b0f066a214c2f5e87bad3c948f4d605d) (ScriptedImporter) -> (artifact id: '21a946d27be02dba91531658a903819b') in 0.0190328 seconds
Number of updated asset objects reloaded before import = 0Number of asset objects unloaded after import = 1

========================================================================
Received Import Request.
  Time since last request: 0.000028 seconds.
  path: Assets/Models/FBX format/wheelchair-power.fbx
  artifactKey: Guid(11989da2d4955fc4ca200d9024617fb2) Importer(2089858483,b0f066a214c2f5e87bad3c948f4d605d)
Start importing Assets/Models/FBX format/wheelchair-power.fbx using Guid(11989da2d4955fc4ca200d9024617fb2) Importer(2089858483,b0f066a214c2f5e87bad3c948f4d605d) (ScriptedImporter) -> (artifact id: '5e79ba3c3608bd297d925be5dd5e2539') in 0.0333078 seconds
Number of updated asset objects reloaded before import = 0Number of asset objects unloaded after import = 9

========================================================================
Received Import Request.
  Time since last request: 0.000021 seconds.
  path: Assets/Models/OBJ format/aid_hearing.mtl
  artifactKey: Guid(fed4cba97a633ab46970a0026b2479d5) Importer(2089858483,b0f066a214c2f5e87bad3c948f4d605d)
Start importing Assets/Models/OBJ format/aid_hearing.mtl using Guid(fed4cba97a633ab46970a0026b2479d5) Importer(2089858483,b0f066a214c2f5e87bad3c948f4d605d) (ScriptedImporter) -> (artifact id: 'd28b027328a2f64ff89fd7e20ee20e4e') in 0.022883 seconds
Number of updated asset objects reloaded before import = 0Number of asset objects unloaded after import = 1

========================================================================
Received Import Request.
  Time since last request: 0.000017 seconds.
  path: Assets/Models/OBJ format/aid-sunglasses.mtl
  artifactKey: Guid(07bd88729ffa59b47a790cb3255b2da8) Importer(2089858483,b0f066a214c2f5e87bad3c948f4d605d)
Start importing Assets/Models/OBJ format/aid-sunglasses.mtl using Guid(07bd88729ffa59b47a790cb3255b2da8) Importer(2089858483,b0f066a214c2f5e87bad3c948f4d605d) (ScriptedImporter) -> (artifact id: '4a52620cb3404098255a05defbfc0235') in 0.0405378 seconds
Number of updated asset objects reloaded before import = 0Number of asset objects unloaded after import = 1

========================================================================
Received Import Request.
  Time since last request: 0.000024 seconds.
  path: Assets/Models/OBJ format/character-female-b.obj
  artifactKey: Guid(ba7dc9a77bdd5f04c84974928d95e9c0) Importer(2089858483,b0f066a214c2f5e87bad3c948f4d605d)
Start importing Assets/Models/OBJ format/character-female-b.obj using Guid(ba7dc9a77bdd5f04c84974928d95e9c0) Importer(2089858483,b0f066a214c2f5e87bad3c948f4d605d) (ScriptedImporter) -> (artifact id: '9002ca6e6f4c9e3c762342a150efaea9') in 0.0314185 seconds
Number of updated asset objects reloaded before import = 0Number of asset objects unloaded after import = 16

========================================================================
Received Import Request.
  Time since last request: 0.000031 seconds.
  path: Assets/Models/GLB format/character-male-d.glb
  artifactKey: Guid(d84dcbcd8e97f624b93f5fa7f0676184) Importer(2089858483,b0f066a214c2f5e87bad3c948f4d605d)
Start importing Assets/Models/GLB format/character-male-d.glb using Guid(d84dcbcd8e97f624b93f5fa7f0676184) Importer(2089858483,b0f066a214c2f5e87bad3c948f4d605d) (ScriptedImporter) -> (artifact id: '19c5d6a90c0de89aaf91f119a81918e8') in 0.0262664 seconds
Number of updated asset objects reloaded before import = 0Number of asset objects unloaded after import = 1

========================================================================
Received Import Request.
  Time since last request: 0.000017 seconds.
  path: Assets/Models/OBJ format/character-male-d.mtl
  artifactKey: Guid(e360dc3eee1d30e49a863902bc0ad6e7) Importer(2089858483,b0f066a214c2f5e87bad3c948f4d605d)
Start importing Assets/Models/OBJ format/character-male-d.mtl using Guid(e360dc3eee1d30e49a863902bc0ad6e7) Importer(2089858483,b0f066a214c2f5e87bad3c948f4d605d) (ScriptedImporter) -> (artifact id: 'c59e9bf0233c0c7c9913d417128bff36') in 0.0271413 seconds
Number of updated asset objects reloaded before import = 0Number of asset objects unloaded after import = 1

========================================================================
Received Import Request.
  Time since last request: 0.000023 seconds.
  path: Assets/Models/FBX format/aid-cane-low-vision.fbx
  artifactKey: Guid(42f286609f6daff4a9d4978b3c171cb9) Importer(2089858483,b0f066a214c2f5e87bad3c948f4d605d)
Start importing Assets/Models/FBX format/aid-cane-low-vision.fbx using Guid(42f286609f6daff4a9d4978b3c171cb9) Importer(2089858483,b0f066a214c2f5e87bad3c948f4d605d) (ScriptedImporter) -> (artifact id: 'ebf0b1f685e0c437310630da3c199488') in 0.0242921 seconds
Number of updated asset objects reloaded before import = 0Number of asset objects unloaded after import = 9

========================================================================
Received Import Request.
  Time since last request: 0.000022 seconds.
  path: Assets/Models/OBJ format/aid-defibrillator-green.obj
  artifactKey: Guid(cf740fded6d72a649a9209de65b5f96a) Importer(2089858483,b0f066a214c2f5e87bad3c948f4d605d)
Start importing Assets/Models/OBJ format/aid-defibrillator-green.obj using Guid(cf740fded6d72a649a9209de65b5f96a) Importer(2089858483,b0f066a214c2f5e87bad3c948f4d605d) (ScriptedImporter) -> (artifact id: 'cd112e7f03f08390f1732ea5403f0feb') in 0.0363117 seconds
Number of updated asset objects reloaded before import = 0Number of asset objects unloaded after import = 16

========================================================================
Received Import Request.
  Time since last request: 0.000032 seconds.
  path: Assets/Models/OBJ format/character-male-b.obj
  artifactKey: Guid(4714b372d99739f4082bd0e3b45caa21) Importer(2089858483,b0f066a214c2f5e87bad3c948f4d605d)
Start importing Assets/Models/OBJ format/character-male-b.obj using Guid(4714b372d99739f4082bd0e3b45caa21) Importer(2089858483,b0f066a214c2f5e87bad3c948f4d605d) (ScriptedImporter) -> (artifact id: 'ef5122fbc202933db0a65bc1d757cefc') in 0.0271336 seconds
Number of updated asset objects reloaded before import = 0Number of asset objects unloaded after import = 16

========================================================================
Received Import Request.
  Time since last request: 0.000017 seconds.
  path: Assets/Models/OBJ format/character-female-a.mtl
  artifactKey: Guid(ee0db38980539d54ab2c69cb16dac289) Importer(2089858483,b0f066a214c2f5e87bad3c948f4d605d)
Start importing Assets/Models/OBJ format/character-female-a.mtl using Guid(ee0db38980539d54ab2c69cb16dac289) Importer(2089858483,b0f066a214c2f5e87bad3c948f4d605d) (ScriptedImporter) -> (artifact id: '0c8ffa0c298d45049fef80581477bda0') in 0.0199204 seconds
Number of updated asset objects reloaded before import = 0Number of asset objects unloaded after import = 1

========================================================================
Received Import Request.
  Time since last request: 0.000016 seconds.
  path: Assets/Models/OBJ format
  artifactKey: Guid(432eff064039bd349b3116cbaf7d13e5) Importer(815301076,1909f56bfc062723c751e8b465ee728b)
Start importing Assets/Models/OBJ format using Guid(432eff064039bd349b3116cbaf7d13e5) Importer(815301076,1909f56bfc062723c751e8b465ee728b) (PreviewImporter) -> (artifact id: 'bf66d22f97025b1dfa182f29b5d8ec7f') in 0.0007806 seconds
Number of updated asset objects reloaded before import = 0Number of asset objects unloaded after import = 0

========================================================================
Received Import Request.
  Time since last request: 9.908024 seconds.
  path: Assets/Models/OBJ format/character-female-b.obj
  artifactKey: Guid(ba7dc9a77bdd5f04c84974928d95e9c0) Importer(815301076,1909f56bfc062723c751e8b465ee728b)
Start importing Assets/Models/OBJ format/character-female-b.obj using Guid(ba7dc9a77bdd5f04c84974928d95e9c0) Importer(815301076,1909f56bfc062723c751e8b465ee728b) (PreviewImporter) -> (artifact id: '50969dd8ec6bd0304020dda49d4b0c5a') in 3.5031107 seconds
Number of updated asset objects reloaded before import = 0Number of asset objects unloaded after import = 16

========================================================================
Received Import Request.
  Time since last request: 18.855101 seconds.
  path: Assets/Models/FBX format/aid-cane-blind.fbx
  artifactKey: Guid(7a7578498f0ee924cb7713ca5a694c7a) Importer(815301076,1909f56bfc062723c751e8b465ee728b)
Start importing Assets/Models/FBX format/aid-cane-blind.fbx using Guid(7a7578498f0ee924cb7713ca5a694c7a) Importer(815301076,1909f56bfc062723c751e8b465ee728b) (PreviewImporter) -> (artifact id: '9f6606b5a64b9785765a3ff3e595b0d7') in 0.0609128 seconds
Number of updated asset objects reloaded before import = 0Number of asset objects unloaded after import = 9

========================================================================
Received Import Request.
  Time since last request: 0.000029 seconds.
  path: Assets/Models/FBX format/character-male-e.fbx
  artifactKey: Guid(3e548ece042f00a4fbb0b97a6c7eb5d3) Importer(815301076,1909f56bfc062723c751e8b465ee728b)
Start importing Assets/Models/FBX format/character-male-e.fbx using Guid(3e548ece042f00a4fbb0b97a6c7eb5d3) Importer(815301076,1909f56bfc062723c751e8b465ee728b) (PreviewImporter) -> (artifact id: '53857268e1832811f8c1b04a22fa5b89') in 0.0896179 seconds
Number of updated asset objects reloaded before import = 0Number of asset objects unloaded after import = 60

========================================================================
Received Import Request.
  Time since last request: 0.000033 seconds.
  path: Assets/Models/FBX format/character-female-c.fbx
  artifactKey: Guid(eb12ed8b20f7e8e4aa49bff5cac1fef3) Importer(815301076,1909f56bfc062723c751e8b465ee728b)
Start importing Assets/Models/FBX format/character-female-c.fbx using Guid(eb12ed8b20f7e8e4aa49bff5cac1fef3) Importer(815301076,1909f56bfc062723c751e8b465ee728b) (PreviewImporter) -> (artifact id: '7abd776e2c5e513cf448cd8f32da39d0') in 0.0567298 seconds
Number of updated asset objects reloaded before import = 0Number of asset objects unloaded after import = 60

========================================================================
Received Import Request.
  Time since last request: 0.000023 seconds.
  path: Assets/Models/FBX format/character-female-a.fbx
  artifactKey: Guid(d7e66b1776b1c7e4abca345437125aa9) Importer(815301076,1909f56bfc062723c751e8b465ee728b)
Start importing Assets/Models/FBX format/character-female-a.fbx using Guid(d7e66b1776b1c7e4abca345437125aa9) Importer(815301076,1909f56bfc062723c751e8b465ee728b) (PreviewImporter) -> (artifact id: '33c4752e17c06821a3c9c585cd31dd4c') in 0.0660504 seconds
Number of updated asset objects reloaded before import = 0Number of asset objects unloaded after import = 60

========================================================================
Received Import Request.
  Time since last request: 0.000027 seconds.
  path: Assets/Models/FBX format/aid-mask.fbx
  artifactKey: Guid(bbc06fea169bade499d054e42f11d826) Importer(815301076,1909f56bfc062723c751e8b465ee728b)
Start importing Assets/Models/FBX format/aid-mask.fbx using Guid(bbc06fea169bade499d054e42f11d826) Importer(815301076,1909f56bfc062723c751e8b465ee728b) (PreviewImporter) -> (artifact id: '5ca91bdb53e60c7d89ff0552cafbb34d') in 0.0364984 seconds
Number of updated asset objects reloaded before import = 0Number of asset objects unloaded after import = 9

========================================================================
Received Import Request.
  Time since last request: 0.000035 seconds.
  path: Assets/Models/FBX format/aid-defibrillator-red.fbx
  artifactKey: Guid(68603d63c3c2b43498ec00db819ad38e) Importer(815301076,1909f56bfc062723c751e8b465ee728b)
Start importing Assets/Models/FBX format/aid-defibrillator-red.fbx using Guid(68603d63c3c2b43498ec00db819ad38e) Importer(815301076,1909f56bfc062723c751e8b465ee728b) (PreviewImporter) -> (artifact id: '2aad7867fe1abf1bcb399c065766ff80') in 0.0397541 seconds
Number of updated asset objects reloaded before import = 0Number of asset objects unloaded after import = 14

Editor requested this worker to shutdown with reason: Scaling down because of idle timeout
AssetImportWorkerClient::OnTransportError - code=2 error=End of file
AssetImportWorker is now disconnected from the server
Process exiting
Exiting without the bug reporter. Application will terminate with return code 0